二月 14, 2019 9:40:26 上午 org.apache.catalina.core.ApplicationContext log
信息: HTMLManager: init: Associated with Deployer 'Catalina:type=Deployer,host=localhost'
二月 14, 2019 9:40:26 上午 org.apache.catalina.core.ApplicationContext log
信息: HTMLManager: init: Global resources are available
二月 14, 2019 9:40:26 上午 org.apache.catalina.core.ApplicationContext log
信息: HTMLManager: list: Listing contexts for virtual host 'localhost'
二月 14, 2019 9:50:54 上午 org.apache.catalina.core.ApplicationContext log
信息: Manager: init: Associated with Deployer 'Catalina:type=Deployer,host=localhost'
二月 14, 2019 9:50:54 上午 org.apache.catalina.core.ApplicationContext log
信息: Manager: init: Global resources are available
二月 14, 2019 9:50:54 上午 org.apache.catalina.core.ApplicationContext log
信息: Manager: deploy: Deploying web application '/'
二月 14, 2019 9:50:54 上午 org.apache.catalina.core.ApplicationContext log
信息: Manager: Uploading WAR file to /Users/darius/Documents/WorkTool/apache-tomcat-7.0.90/webapps/ROOT.war.tmp
二月 14, 2019 9:55:08 上午 org.apache.catalina.core.ApplicationContext log
信息: Manager: init: Associated with Deployer 'Catalina:type=Deployer,host=localhost'
二月 14, 2019 9:55:08 上午 org.apache.catalina.core.ApplicationContext log
信息: Manager: init: Global resources are available
二月 14, 2019 9:55:08 上午 org.apache.catalina.core.ApplicationContext log
信息: Manager: deploy: Deploying web application '/'
二月 14, 2019 9:55:08 上午 org.apache.catalina.core.ApplicationContext log
信息: Manager: Uploading WAR file to /Users/darius/Documents/WorkTool/apache-tomcat-7.0.90/webapps/ROOT.war.tmp
二月 14, 2019 9:56:04 上午 org.apache.catalina.core.ApplicationContext log
信息: Manager: deploy: Deploying web application '/'
二月 14, 2019 9:56:04 上午 org.apache.catalina.core.ApplicationContext log
信息: Manager: Uploading WAR file to /Users/darius/Documents/WorkTool/apache-tomcat-7.0.90/webapps/ROOT.war.tmp
